2024-08-15 00:22:40,333 +0300 [main] INFO  (Version.java:44) - HHH000412: Hibernate ORM core version 6.6.0.Final
2024-08-15 00:22:40,752 +0300 [main] INFO  (RegionFactoryInitiator.java:50) - HHH000026: Second-level cache disabled
2024-08-15 00:22:40,962 +0300 [main] WARN  (DriverManagerConnectionProviderImpl.java:86) - HHH10001002: Using built-in connection pool (not intended for production use)
2024-08-15 00:22:41,355 +0300 [main] WARN  (DialectFactoryImpl.java:153) - HHH90000025: PostgreSQLDialect does not need to be specified explicitly using 'hibernate.dialect' (remove the property setting and it will be selected by default)
2024-08-15 00:22:41,389 +0300 [main] INFO  (JdbcEnvironmentInitiator.java:158) - HHH10001005: Database info:
	Database JDBC URL [jdbc:postgresql://localhost:5432/postgres]
	Database driver: org.postgresql.Driver
	Database version: 16.4
	Autocommit mode: false
	Isolation level: undefined/unknown
	Minimum pool size: 1
	Maximum pool size: 20
2024-08-15 00:22:42,775 +0300 [main] INFO  (JtaPlatformInitiator.java:59) - HHH000489: No JTA platform available (set 'hibernate.transaction.jta.platform' to enable JTA platform integration)
2024-08-15 00:22:42,886 +0300 [main] INFO  (Lesson16.java:31) - Successfully got user with id = [ivan@mail.ru] 
2024-08-15 00:29:11,448 +0300 [main] INFO  (Version.java:44) - HHH000412: Hibernate ORM core version 6.6.0.Final
2024-08-15 00:29:11,813 +0300 [main] INFO  (RegionFactoryInitiator.java:50) - HHH000026: Second-level cache disabled
2024-08-15 00:29:12,016 +0300 [main] WARN  (DriverManagerConnectionProviderImpl.java:86) - HHH10001002: Using built-in connection pool (not intended for production use)
2024-08-15 00:29:12,396 +0300 [main] WARN  (DialectFactoryImpl.java:153) - HHH90000025: PostgreSQLDialect does not need to be specified explicitly using 'hibernate.dialect' (remove the property setting and it will be selected by default)
2024-08-15 00:29:12,425 +0300 [main] INFO  (JdbcEnvironmentInitiator.java:158) - HHH10001005: Database info:
	Database JDBC URL [jdbc:postgresql://localhost:5432/postgres]
	Database driver: org.postgresql.Driver
	Database version: 16.4
	Autocommit mode: false
	Isolation level: undefined/unknown
	Minimum pool size: 1
	Maximum pool size: 20
2024-08-15 00:29:13,800 +0300 [main] INFO  (JtaPlatformInitiator.java:59) - HHH000489: No JTA platform available (set 'hibernate.transaction.jta.platform' to enable JTA platform integration)
2024-08-15 00:29:13,916 +0300 [main] INFO  (Lesson16.java:31) - Successfully got user with id = [ivan@mail.ru] 
2024-08-15 00:32:36,449 +0300 [main] INFO  (Version.java:44) - HHH000412: Hibernate ORM core version 6.6.0.Final
2024-08-15 00:32:36,800 +0300 [main] INFO  (RegionFactoryInitiator.java:50) - HHH000026: Second-level cache disabled
2024-08-15 00:32:36,991 +0300 [main] WARN  (DriverManagerConnectionProviderImpl.java:86) - HHH10001002: Using built-in connection pool (not intended for production use)
2024-08-15 00:32:37,324 +0300 [main] WARN  (DialectFactoryImpl.java:153) - HHH90000025: PostgreSQLDialect does not need to be specified explicitly using 'hibernate.dialect' (remove the property setting and it will be selected by default)
2024-08-15 00:32:37,353 +0300 [main] INFO  (JdbcEnvironmentInitiator.java:158) - HHH10001005: Database info:
	Database JDBC URL [jdbc:postgresql://localhost:5432/postgres]
	Database driver: org.postgresql.Driver
	Database version: 16.4
	Autocommit mode: false
	Isolation level: undefined/unknown
	Minimum pool size: 1
	Maximum pool size: 20
2024-08-15 00:32:38,699 +0300 [main] INFO  (JtaPlatformInitiator.java:59) - HHH000489: No JTA platform available (set 'hibernate.transaction.jta.platform' to enable JTA platform integration)
2024-08-15 00:32:38,826 +0300 [main] INFO  (Lesson16.java:29) - Successfully got user with id = [ivan@mail.ru] 
2024-08-15 00:49:02,130 +0300 [main] INFO  (Version.java:44) - HHH000412: Hibernate ORM core version 6.6.0.Final
2024-08-15 00:49:02,527 +0300 [main] INFO  (RegionFactoryInitiator.java:50) - HHH000026: Second-level cache disabled
2024-08-15 00:49:02,735 +0300 [main] WARN  (DriverManagerConnectionProviderImpl.java:86) - HHH10001002: Using built-in connection pool (not intended for production use)
2024-08-15 00:49:03,087 +0300 [main] WARN  (DialectFactoryImpl.java:153) - HHH90000025: PostgreSQLDialect does not need to be specified explicitly using 'hibernate.dialect' (remove the property setting and it will be selected by default)
2024-08-15 00:49:03,117 +0300 [main] INFO  (JdbcEnvironmentInitiator.java:158) - HHH10001005: Database info:
	Database JDBC URL [jdbc:postgresql://localhost:5432/postgres]
	Database driver: org.postgresql.Driver
	Database version: 16.4
	Autocommit mode: false
	Isolation level: undefined/unknown
	Minimum pool size: 1
	Maximum pool size: 20
2024-08-15 00:49:04,362 +0300 [main] INFO  (JtaPlatformInitiator.java:59) - HHH000489: No JTA platform available (set 'hibernate.transaction.jta.platform' to enable JTA platform integration)
2024-08-15 00:49:04,416 +0300 [main] INFO  (Lesson15.java:32) - Trying to save user with id = [ivan12@mail.ru]
2024-08-15 00:50:23,610 +0300 [main] INFO  (Version.java:44) - HHH000412: Hibernate ORM core version 6.6.0.Final
2024-08-15 00:50:23,978 +0300 [main] INFO  (RegionFactoryInitiator.java:50) - HHH000026: Second-level cache disabled
2024-08-15 00:50:24,161 +0300 [main] WARN  (DriverManagerConnectionProviderImpl.java:86) - HHH10001002: Using built-in connection pool (not intended for production use)
2024-08-15 00:50:24,505 +0300 [main] WARN  (DialectFactoryImpl.java:153) - HHH90000025: PostgreSQLDialect does not need to be specified explicitly using 'hibernate.dialect' (remove the property setting and it will be selected by default)
2024-08-15 00:50:24,531 +0300 [main] INFO  (JdbcEnvironmentInitiator.java:158) - HHH10001005: Database info:
	Database JDBC URL [jdbc:postgresql://localhost:5432/postgres]
	Database driver: org.postgresql.Driver
	Database version: 16.4
	Autocommit mode: false
	Isolation level: undefined/unknown
	Minimum pool size: 1
	Maximum pool size: 20
2024-08-15 00:50:25,841 +0300 [main] INFO  (JtaPlatformInitiator.java:59) - HHH000489: No JTA platform available (set 'hibernate.transaction.jta.platform' to enable JTA platform integration)
2024-08-15 00:50:25,912 +0300 [main] INFO  (Lesson15.java:32) - Trying to save user with id = [ivan12@mail.ru]
2024-08-15 00:51:49,673 +0300 [main] INFO  (Version.java:44) - HHH000412: Hibernate ORM core version 6.6.0.Final
2024-08-15 00:51:50,055 +0300 [main] INFO  (RegionFactoryInitiator.java:50) - HHH000026: Second-level cache disabled
2024-08-15 00:51:50,270 +0300 [main] WARN  (DriverManagerConnectionProviderImpl.java:86) - HHH10001002: Using built-in connection pool (not intended for production use)
2024-08-15 00:51:50,644 +0300 [main] WARN  (DialectFactoryImpl.java:153) - HHH90000025: PostgreSQLDialect does not need to be specified explicitly using 'hibernate.dialect' (remove the property setting and it will be selected by default)
2024-08-15 00:51:50,670 +0300 [main] INFO  (JdbcEnvironmentInitiator.java:158) - HHH10001005: Database info:
	Database JDBC URL [jdbc:postgresql://localhost:5432/postgres]
	Database driver: org.postgresql.Driver
	Database version: 16.4
	Autocommit mode: false
	Isolation level: undefined/unknown
	Minimum pool size: 1
	Maximum pool size: 20
2024-08-15 00:51:52,065 +0300 [main] INFO  (JtaPlatformInitiator.java:59) - HHH000489: No JTA platform available (set 'hibernate.transaction.jta.platform' to enable JTA platform integration)
2024-08-15 00:51:52,134 +0300 [main] INFO  (Lesson15.java:32) - Trying to save user with id = [ivan11@mail.ru]
2024-08-15 00:59:51,249 +0300 [main] INFO  (Version.java:44) - HHH000412: Hibernate ORM core version 6.6.0.Final
2024-08-15 00:59:51,651 +0300 [main] INFO  (RegionFactoryInitiator.java:50) - HHH000026: Second-level cache disabled
2024-08-15 00:59:51,842 +0300 [main] WARN  (DriverManagerConnectionProviderImpl.java:86) - HHH10001002: Using built-in connection pool (not intended for production use)
2024-08-15 00:59:52,199 +0300 [main] WARN  (DialectFactoryImpl.java:153) - HHH90000025: PostgreSQLDialect does not need to be specified explicitly using 'hibernate.dialect' (remove the property setting and it will be selected by default)
2024-08-15 00:59:52,228 +0300 [main] INFO  (JdbcEnvironmentInitiator.java:158) - HHH10001005: Database info:
	Database JDBC URL [jdbc:postgresql://localhost:5432/postgres]
	Database driver: org.postgresql.Driver
	Database version: 16.4
	Autocommit mode: false
	Isolation level: undefined/unknown
	Minimum pool size: 1
	Maximum pool size: 20
2024-08-15 00:59:53,683 +0300 [main] INFO  (JtaPlatformInitiator.java:59) - HHH000489: No JTA platform available (set 'hibernate.transaction.jta.platform' to enable JTA platform integration)
2024-08-15 00:59:53,755 +0300 [main] INFO  (Lesson15.java:32) - Trying to save user with id = [ivan11@mail.ru]
2024-08-15 01:00:52,476 +0300 [main] INFO  (Version.java:44) - HHH000412: Hibernate ORM core version 6.6.0.Final
2024-08-15 01:00:52,860 +0300 [main] INFO  (RegionFactoryInitiator.java:50) - HHH000026: Second-level cache disabled
2024-08-15 01:00:53,068 +0300 [main] WARN  (DriverManagerConnectionProviderImpl.java:86) - HHH10001002: Using built-in connection pool (not intended for production use)
2024-08-15 01:00:53,454 +0300 [main] WARN  (DialectFactoryImpl.java:153) - HHH90000025: PostgreSQLDialect does not need to be specified explicitly using 'hibernate.dialect' (remove the property setting and it will be selected by default)
2024-08-15 01:00:53,485 +0300 [main] INFO  (JdbcEnvironmentInitiator.java:158) - HHH10001005: Database info:
	Database JDBC URL [jdbc:postgresql://localhost:5432/postgres]
	Database driver: org.postgresql.Driver
	Database version: 16.4
	Autocommit mode: false
	Isolation level: undefined/unknown
	Minimum pool size: 1
	Maximum pool size: 20
2024-08-15 01:00:54,955 +0300 [main] INFO  (JtaPlatformInitiator.java:59) - HHH000489: No JTA platform available (set 'hibernate.transaction.jta.platform' to enable JTA platform integration)
2024-08-15 01:00:55,021 +0300 [main] INFO  (Lesson15.java:32) - Trying to save user with id = [ivan1@mail.ru]
2024-08-15 01:07:36,440 +0300 [main] INFO  (Version.java:44) - HHH000412: Hibernate ORM core version 6.6.0.Final
2024-08-15 01:07:36,833 +0300 [main] INFO  (RegionFactoryInitiator.java:50) - HHH000026: Second-level cache disabled
2024-08-15 01:07:37,057 +0300 [main] WARN  (DriverManagerConnectionProviderImpl.java:86) - HHH10001002: Using built-in connection pool (not intended for production use)
2024-08-15 01:07:37,458 +0300 [main] WARN  (DialectFactoryImpl.java:153) - HHH90000025: PostgreSQLDialect does not need to be specified explicitly using 'hibernate.dialect' (remove the property setting and it will be selected by default)
2024-08-15 01:07:37,490 +0300 [main] INFO  (JdbcEnvironmentInitiator.java:158) - HHH10001005: Database info:
	Database JDBC URL [jdbc:postgresql://localhost:5432/postgres]
	Database driver: org.postgresql.Driver
	Database version: 16.4
	Autocommit mode: false
	Isolation level: undefined/unknown
	Minimum pool size: 1
	Maximum pool size: 20
2024-08-15 01:07:38,954 +0300 [main] INFO  (JtaPlatformInitiator.java:59) - HHH000489: No JTA platform available (set 'hibernate.transaction.jta.platform' to enable JTA platform integration)
2024-08-15 01:07:39,021 +0300 [main] INFO  (Lesson15.java:32) - Trying to save user with id = [ivan1@mail.ru]
2024-08-15 01:09:00,329 +0300 [main] INFO  (Version.java:44) - HHH000412: Hibernate ORM core version 6.6.0.Final
2024-08-15 01:09:00,668 +0300 [main] INFO  (RegionFactoryInitiator.java:50) - HHH000026: Second-level cache disabled
2024-08-15 01:09:00,867 +0300 [main] WARN  (DriverManagerConnectionProviderImpl.java:86) - HHH10001002: Using built-in connection pool (not intended for production use)
2024-08-15 01:09:01,242 +0300 [main] WARN  (DialectFactoryImpl.java:153) - HHH90000025: PostgreSQLDialect does not need to be specified explicitly using 'hibernate.dialect' (remove the property setting and it will be selected by default)
2024-08-15 01:09:01,279 +0300 [main] INFO  (JdbcEnvironmentInitiator.java:158) - HHH10001005: Database info:
	Database JDBC URL [jdbc:postgresql://localhost:5432/postgres]
	Database driver: org.postgresql.Driver
	Database version: 16.4
	Autocommit mode: false
	Isolation level: undefined/unknown
	Minimum pool size: 1
	Maximum pool size: 20
2024-08-15 01:09:02,743 +0300 [main] INFO  (JtaPlatformInitiator.java:59) - HHH000489: No JTA platform available (set 'hibernate.transaction.jta.platform' to enable JTA platform integration)
2024-08-15 01:09:02,808 +0300 [main] INFO  (Lesson15.java:33) - Trying to save user with id = [ivan1@mail.ru]
2024-08-15 01:09:02,869 +0300 [main] WARN  (SqlExceptionHelper.java:145) - SQL Error: 0, SQLState: 23505
2024-08-15 01:09:02,869 +0300 [main] ERROR (SqlExceptionHelper.java:150) - ОШИБКА: повторяющееся значение ключа нарушает ограничение уникальности "users_username_key"
  Подробности: Ключ "(username)=(ivan1@mail.ru)" уже существует.
2024-08-15 01:10:31,781 +0300 [main] INFO  (Version.java:44) - HHH000412: Hibernate ORM core version 6.6.0.Final
2024-08-15 01:10:32,147 +0300 [main] INFO  (RegionFactoryInitiator.java:50) - HHH000026: Second-level cache disabled
2024-08-15 01:10:32,340 +0300 [main] WARN  (DriverManagerConnectionProviderImpl.java:86) - HHH10001002: Using built-in connection pool (not intended for production use)
2024-08-15 01:10:32,675 +0300 [main] WARN  (DialectFactoryImpl.java:153) - HHH90000025: PostgreSQLDialect does not need to be specified explicitly using 'hibernate.dialect' (remove the property setting and it will be selected by default)
2024-08-15 01:10:32,705 +0300 [main] INFO  (JdbcEnvironmentInitiator.java:158) - HHH10001005: Database info:
	Database JDBC URL [jdbc:postgresql://localhost:5432/postgres]
	Database driver: org.postgresql.Driver
	Database version: 16.4
	Autocommit mode: false
	Isolation level: undefined/unknown
	Minimum pool size: 1
	Maximum pool size: 20
2024-08-15 01:10:34,046 +0300 [main] INFO  (JtaPlatformInitiator.java:59) - HHH000489: No JTA platform available (set 'hibernate.transaction.jta.platform' to enable JTA platform integration)
2024-08-15 01:10:34,112 +0300 [main] INFO  (Lesson15.java:33) - Trying to save user with id = [1]
2024-08-15 01:10:34,160 +0300 [main] WARN  (SqlExceptionHelper.java:145) - SQL Error: 0, SQLState: 23505
2024-08-15 01:10:34,161 +0300 [main] ERROR (SqlExceptionHelper.java:150) - ОШИБКА: повторяющееся значение ключа нарушает ограничение уникальности "users_username_key"
  Подробности: Ключ "(username)=(ivan1@mail.ru)" уже существует.
2024-08-15 01:12:45,941 +0300 [main] INFO  (Version.java:44) - HHH000412: Hibernate ORM core version 6.6.0.Final
2024-08-15 01:12:46,292 +0300 [main] INFO  (RegionFactoryInitiator.java:50) - HHH000026: Second-level cache disabled
2024-08-15 01:12:46,480 +0300 [main] WARN  (DriverManagerConnectionProviderImpl.java:86) - HHH10001002: Using built-in connection pool (not intended for production use)
2024-08-15 01:12:46,832 +0300 [main] WARN  (DialectFactoryImpl.java:153) - HHH90000025: PostgreSQLDialect does not need to be specified explicitly using 'hibernate.dialect' (remove the property setting and it will be selected by default)
2024-08-15 01:12:46,859 +0300 [main] INFO  (JdbcEnvironmentInitiator.java:158) - HHH10001005: Database info:
	Database JDBC URL [jdbc:postgresql://localhost:5432/postgres]
	Database driver: org.postgresql.Driver
	Database version: 16.4
	Autocommit mode: false
	Isolation level: undefined/unknown
	Minimum pool size: 1
	Maximum pool size: 20
2024-08-15 01:12:48,226 +0300 [main] INFO  (JtaPlatformInitiator.java:59) - HHH000489: No JTA platform available (set 'hibernate.transaction.jta.platform' to enable JTA platform integration)
2024-08-15 01:14:56,259 +0300 [main] INFO  (Version.java:44) - HHH000412: Hibernate ORM core version 6.6.0.Final
2024-08-15 01:14:56,627 +0300 [main] INFO  (RegionFactoryInitiator.java:50) - HHH000026: Second-level cache disabled
2024-08-15 01:14:56,817 +0300 [main] WARN  (DriverManagerConnectionProviderImpl.java:86) - HHH10001002: Using built-in connection pool (not intended for production use)
2024-08-15 01:14:57,173 +0300 [main] WARN  (DialectFactoryImpl.java:153) - HHH90000025: PostgreSQLDialect does not need to be specified explicitly using 'hibernate.dialect' (remove the property setting and it will be selected by default)
2024-08-15 01:14:57,201 +0300 [main] INFO  (JdbcEnvironmentInitiator.java:158) - HHH10001005: Database info:
	Database JDBC URL [jdbc:postgresql://localhost:5432/postgres]
	Database driver: org.postgresql.Driver
	Database version: 16.4
	Autocommit mode: false
	Isolation level: undefined/unknown
	Minimum pool size: 1
	Maximum pool size: 20
2024-08-15 01:14:58,639 +0300 [main] INFO  (JtaPlatformInitiator.java:59) - HHH000489: No JTA platform available (set 'hibernate.transaction.jta.platform' to enable JTA platform integration)
2024-08-15 01:14:58,714 +0300 [main] INFO  (Lesson15.java:33) - Trying to save user with id = [1]
2024-08-15 01:14:58,774 +0300 [main] WARN  (SqlExceptionHelper.java:145) - SQL Error: 0, SQLState: 23505
2024-08-15 01:14:58,778 +0300 [main] ERROR (SqlExceptionHelper.java:150) - ОШИБКА: повторяющееся значение ключа нарушает ограничение уникальности "users_username_key"
  Подробности: Ключ "(username)=(ivan1@mail.ru)" уже существует.
2024-08-15 01:15:08,998 +0300 [main] INFO  (Version.java:44) - HHH000412: Hibernate ORM core version 6.6.0.Final
2024-08-15 01:15:09,275 +0300 [main] INFO  (RegionFactoryInitiator.java:50) - HHH000026: Second-level cache disabled
2024-08-15 01:15:09,420 +0300 [main] WARN  (DriverManagerConnectionProviderImpl.java:86) - HHH10001002: Using built-in connection pool (not intended for production use)
2024-08-15 01:15:09,670 +0300 [main] WARN  (DialectFactoryImpl.java:153) - HHH90000025: PostgreSQLDialect does not need to be specified explicitly using 'hibernate.dialect' (remove the property setting and it will be selected by default)
2024-08-15 01:15:09,691 +0300 [main] INFO  (JdbcEnvironmentInitiator.java:158) - HHH10001005: Database info:
	Database JDBC URL [jdbc:postgresql://localhost:5432/postgres]
	Database driver: org.postgresql.Driver
	Database version: 16.4
	Autocommit mode: false
	Isolation level: undefined/unknown
	Minimum pool size: 1
	Maximum pool size: 20
2024-08-15 01:15:10,952 +0300 [main] INFO  (JtaPlatformInitiator.java:59) - HHH000489: No JTA platform available (set 'hibernate.transaction.jta.platform' to enable JTA platform integration)
2024-08-15 01:15:11,020 +0300 [main] INFO  (Lesson15.java:32) - Trying to save user with id = [null]
2024-08-15 08:42:59,140 +0300 [main] INFO  (Version.java:44) - HHH000412: Hibernate ORM core version 6.6.0.Final
2024-08-15 08:42:59,471 +0300 [main] INFO  (RegionFactoryInitiator.java:50) - HHH000026: Second-level cache disabled
2024-08-15 08:42:59,664 +0300 [main] WARN  (DriverManagerConnectionProviderImpl.java:86) - HHH10001002: Using built-in connection pool (not intended for production use)
2024-08-15 08:43:00,045 +0300 [main] WARN  (DialectFactoryImpl.java:153) - HHH90000025: PostgreSQLDialect does not need to be specified explicitly using 'hibernate.dialect' (remove the property setting and it will be selected by default)
2024-08-15 08:43:00,084 +0300 [main] INFO  (JdbcEnvironmentInitiator.java:158) - HHH10001005: Database info:
	Database JDBC URL [jdbc:postgresql://localhost:5432/postgres]
	Database driver: org.postgresql.Driver
	Database version: 16.4
	Autocommit mode: false
	Isolation level: undefined/unknown
	Minimum pool size: 1
	Maximum pool size: 20
2024-08-15 08:43:01,559 +0300 [main] INFO  (JtaPlatformInitiator.java:59) - HHH000489: No JTA platform available (set 'hibernate.transaction.jta.platform' to enable JTA platform integration)
2024-08-15 08:43:01,627 +0300 [main] INFO  (Lesson15.java:32) - Trying to save user with id = [null]
2024-08-15 08:43:01,681 +0300 [main] WARN  (SqlExceptionHelper.java:145) - SQL Error: 0, SQLState: 23505
2024-08-15 08:43:01,681 +0300 [main] ERROR (SqlExceptionHelper.java:150) - ОШИБКА: повторяющееся значение ключа нарушает ограничение уникальности "users_username_key"
  Подробности: Ключ "(username)=(ivan1@mail.ru)" уже существует.
2024-08-15 08:44:46,440 +0300 [main] INFO  (Version.java:44) - HHH000412: Hibernate ORM core version 6.6.0.Final
2024-08-15 08:44:46,740 +0300 [main] INFO  (RegionFactoryInitiator.java:50) - HHH000026: Second-level cache disabled
2024-08-15 08:44:46,931 +0300 [main] WARN  (DriverManagerConnectionProviderImpl.java:86) - HHH10001002: Using built-in connection pool (not intended for production use)
2024-08-15 08:44:47,238 +0300 [main] WARN  (DialectFactoryImpl.java:153) - HHH90000025: PostgreSQLDialect does not need to be specified explicitly using 'hibernate.dialect' (remove the property setting and it will be selected by default)
2024-08-15 08:44:47,265 +0300 [main] INFO  (JdbcEnvironmentInitiator.java:158) - HHH10001005: Database info:
	Database JDBC URL [jdbc:postgresql://localhost:5432/postgres]
	Database driver: org.postgresql.Driver
	Database version: 16.4
	Autocommit mode: false
	Isolation level: undefined/unknown
	Minimum pool size: 1
	Maximum pool size: 20
2024-08-15 08:44:48,515 +0300 [main] INFO  (JtaPlatformInitiator.java:59) - HHH000489: No JTA platform available (set 'hibernate.transaction.jta.platform' to enable JTA platform integration)
2024-08-15 08:45:11,828 +0300 [main] INFO  (Version.java:44) - HHH000412: Hibernate ORM core version 6.6.0.Final
2024-08-15 08:45:12,165 +0300 [main] INFO  (RegionFactoryInitiator.java:50) - HHH000026: Second-level cache disabled
2024-08-15 08:45:12,365 +0300 [main] WARN  (DriverManagerConnectionProviderImpl.java:86) - HHH10001002: Using built-in connection pool (not intended for production use)
2024-08-15 08:45:12,672 +0300 [main] WARN  (DialectFactoryImpl.java:153) - HHH90000025: PostgreSQLDialect does not need to be specified explicitly using 'hibernate.dialect' (remove the property setting and it will be selected by default)
2024-08-15 08:45:12,695 +0300 [main] INFO  (JdbcEnvironmentInitiator.java:158) - HHH10001005: Database info:
	Database JDBC URL [jdbc:postgresql://localhost:5432/postgres]
	Database driver: org.postgresql.Driver
	Database version: 16.4
	Autocommit mode: false
	Isolation level: undefined/unknown
	Minimum pool size: 1
	Maximum pool size: 20
2024-08-15 08:45:13,954 +0300 [main] INFO  (JtaPlatformInitiator.java:59) - HHH000489: No JTA platform available (set 'hibernate.transaction.jta.platform' to enable JTA platform integration)
2024-08-15 08:45:14,048 +0300 [main] WARN  (SqlExceptionHelper.java:145) - SQL Error: 0, SQLState: 23505
2024-08-15 08:45:14,048 +0300 [main] ERROR (SqlExceptionHelper.java:150) - ОШИБКА: повторяющееся значение ключа нарушает ограничение уникальности "users_username_key"
  Подробности: Ключ "(username)=(igor@mail.ru)" уже существует.
2024-08-15 08:45:36,123 +0300 [main] INFO  (Version.java:44) - HHH000412: Hibernate ORM core version 6.6.0.Final
2024-08-15 08:45:36,438 +0300 [main] INFO  (RegionFactoryInitiator.java:50) - HHH000026: Second-level cache disabled
2024-08-15 08:45:36,611 +0300 [main] WARN  (DriverManagerConnectionProviderImpl.java:86) - HHH10001002: Using built-in connection pool (not intended for production use)
2024-08-15 08:45:36,925 +0300 [main] WARN  (DialectFactoryImpl.java:153) - HHH90000025: PostgreSQLDialect does not need to be specified explicitly using 'hibernate.dialect' (remove the property setting and it will be selected by default)
2024-08-15 08:45:36,941 +0300 [main] INFO  (JdbcEnvironmentInitiator.java:158) - HHH10001005: Database info:
	Database JDBC URL [jdbc:postgresql://localhost:5432/postgres]
	Database driver: org.postgresql.Driver
	Database version: 16.4
	Autocommit mode: false
	Isolation level: undefined/unknown
	Minimum pool size: 1
	Maximum pool size: 20
2024-08-15 08:45:38,183 +0300 [main] INFO  (JtaPlatformInitiator.java:59) - HHH000489: No JTA platform available (set 'hibernate.transaction.jta.platform' to enable JTA platform integration)
2024-08-15 08:47:31,425 +0300 [main] INFO  (Version.java:44) - HHH000412: Hibernate ORM core version 6.6.0.Final
2024-08-15 08:47:31,733 +0300 [main] INFO  (RegionFactoryInitiator.java:50) - HHH000026: Second-level cache disabled
2024-08-15 08:47:31,916 +0300 [main] WARN  (DriverManagerConnectionProviderImpl.java:86) - HHH10001002: Using built-in connection pool (not intended for production use)
2024-08-15 08:47:32,209 +0300 [main] WARN  (DialectFactoryImpl.java:153) - HHH90000025: PostgreSQLDialect does not need to be specified explicitly using 'hibernate.dialect' (remove the property setting and it will be selected by default)
2024-08-15 08:47:32,251 +0300 [main] INFO  (JdbcEnvironmentInitiator.java:158) - HHH10001005: Database info:
	Database JDBC URL [jdbc:postgresql://localhost:5432/postgres]
	Database driver: org.postgresql.Driver
	Database version: 16.4
	Autocommit mode: false
	Isolation level: undefined/unknown
	Minimum pool size: 1
	Maximum pool size: 20
2024-08-15 08:47:33,475 +0300 [main] INFO  (JtaPlatformInitiator.java:59) - HHH000489: No JTA platform available (set 'hibernate.transaction.jta.platform' to enable JTA platform integration)
2024-08-15 08:48:06,844 +0300 [main] INFO  (Version.java:44) - HHH000412: Hibernate ORM core version 6.6.0.Final
2024-08-15 08:48:07,182 +0300 [main] INFO  (RegionFactoryInitiator.java:50) - HHH000026: Second-level cache disabled
2024-08-15 08:48:07,357 +0300 [main] WARN  (DriverManagerConnectionProviderImpl.java:86) - HHH10001002: Using built-in connection pool (not intended for production use)
2024-08-15 08:48:07,710 +0300 [main] WARN  (DialectFactoryImpl.java:153) - HHH90000025: PostgreSQLDialect does not need to be specified explicitly using 'hibernate.dialect' (remove the property setting and it will be selected by default)
2024-08-15 08:48:07,726 +0300 [main] INFO  (JdbcEnvironmentInitiator.java:158) - HHH10001005: Database info:
	Database JDBC URL [jdbc:postgresql://localhost:5432/postgres]
	Database driver: org.postgresql.Driver
	Database version: 16.4
	Autocommit mode: false
	Isolation level: undefined/unknown
	Minimum pool size: 1
	Maximum pool size: 20
2024-08-15 08:48:08,970 +0300 [main] INFO  (JtaPlatformInitiator.java:59) - HHH000489: No JTA platform available (set 'hibernate.transaction.jta.platform' to enable JTA platform integration)
2024-08-15 08:48:36,281 +0300 [main] INFO  (Version.java:44) - HHH000412: Hibernate ORM core version 6.6.0.Final
2024-08-15 08:48:36,658 +0300 [main] INFO  (RegionFactoryInitiator.java:50) - HHH000026: Second-level cache disabled
2024-08-15 08:48:36,879 +0300 [main] WARN  (DriverManagerConnectionProviderImpl.java:86) - HHH10001002: Using built-in connection pool (not intended for production use)
2024-08-15 08:48:37,224 +0300 [main] WARN  (DialectFactoryImpl.java:153) - HHH90000025: PostgreSQLDialect does not need to be specified explicitly using 'hibernate.dialect' (remove the property setting and it will be selected by default)
2024-08-15 08:48:37,240 +0300 [main] INFO  (JdbcEnvironmentInitiator.java:158) - HHH10001005: Database info:
	Database JDBC URL [jdbc:postgresql://localhost:5432/postgres]
	Database driver: org.postgresql.Driver
	Database version: 16.4
	Autocommit mode: false
	Isolation level: undefined/unknown
	Minimum pool size: 1
	Maximum pool size: 20
2024-08-15 08:48:38,755 +0300 [main] INFO  (JtaPlatformInitiator.java:59) - HHH000489: No JTA platform available (set 'hibernate.transaction.jta.platform' to enable JTA platform integration)
2024-08-15 08:49:18,490 +0300 [main] INFO  (Version.java:44) - HHH000412: Hibernate ORM core version 6.6.0.Final
2024-08-15 08:49:18,889 +0300 [main] INFO  (RegionFactoryInitiator.java:50) - HHH000026: Second-level cache disabled
2024-08-15 08:49:19,107 +0300 [main] WARN  (DriverManagerConnectionProviderImpl.java:86) - HHH10001002: Using built-in connection pool (not intended for production use)
2024-08-15 08:49:19,492 +0300 [main] WARN  (DialectFactoryImpl.java:153) - HHH90000025: PostgreSQLDialect does not need to be specified explicitly using 'hibernate.dialect' (remove the property setting and it will be selected by default)
2024-08-15 08:49:19,520 +0300 [main] INFO  (JdbcEnvironmentInitiator.java:158) - HHH10001005: Database info:
	Database JDBC URL [jdbc:postgresql://localhost:5432/postgres]
	Database driver: org.postgresql.Driver
	Database version: 16.4
	Autocommit mode: false
	Isolation level: undefined/unknown
	Minimum pool size: 1
	Maximum pool size: 20
2024-08-15 08:49:21,048 +0300 [main] INFO  (JtaPlatformInitiator.java:59) - HHH000489: No JTA platform available (set 'hibernate.transaction.jta.platform' to enable JTA platform integration)
